#
# There is insufficient memory for the Java Runtime Environment to continue.
# Native memory allocation (malloc) failed to allocate 350096 bytes for Chunk::new
# Possible reasons:
#   The system is out of physical RAM or swap space
#   In 32 bit mode, the process size limit was hit
# Possible solutions:
#   Reduce memory load on the system
#   Increase physical memory or swap space
#   Check if swap backing store is full
#   Use 64 bit Java on a 64 bit OS
#   Decrease Java heap size (-Xmx/-Xms)
#   Decrease number of Java threads
#   Decrease Java thread stack sizes (-Xss)
#   Set larger code cache with -XX:ReservedCodeCacheSize=
# This output file may be truncated or incomplete.
#
#  Out of Memory Error (allocation.cpp:390), pid=37532, tid=0x0000000000009c48
#
# JRE version: OpenJDK Runtime Environment (8.0_76-b03) (build 1.8.0_76-release-b03)
# Java VM: OpenJDK 64-Bit Server VM (25.76-b03 mixed mode windows-amd64 compressed oops)
# Failed to write core dump. Minidumps are not enabled by default on client versions of Windows
#

---------------  T H R E A D  ---------------

Current thread (0x0000000015c2c000):  JavaThread "C2 CompilerThread1" daemon [_thread_in_native, id=40008, stack(0x0000000017620000,0x0000000017720000)]

Stack: [0x0000000017620000,0x0000000017720000]
[error occurred during error reporting (printing stack bounds), id 0xc0000005]

Native frames: (J=compiled Java code, j=interpreted, Vv=VM code, C=native code)


Current CompileTask:
C2:   3175 1148       4       com.android.dx.ssa.LocalVariableExtractor::processBlock (383 bytes)


---------------  P R O C E S S  ---------------

Java Threads: ( => current thread )
  0x000000001727f000 JavaThread "Service Thread" daemon [_thread_blocked, id=34984, stack(0x0000000017820000,0x0000000017920000)]
  0x000000001726f000 JavaThread "C1 CompilerThread2" daemon [_thread_blocked, id=38284, stack(0x0000000017720000,0x0000000017820000)]
=>0x0000000015c2c000 JavaThread "C2 CompilerThread1" daemon [_thread_in_native, id=40008, stack(0x0000000017620000,0x0000000017720000)]
  0x0000000015c29000 JavaThread "C2 CompilerThread0" daemon [_thread_in_native, id=33468, stack(0x0000000017120000,0x0000000017220000)]
  0x0000000015c27800 JavaThread "Attach Listener" daemon [_thread_blocked, id=29488, stack(0x0000000017020000,0x0000000017120000)]
  0x0000000015bdd000 JavaThread "Signal Dispatcher" daemon [_thread_blocked, id=38928, stack(0x0000000016f20000,0x0000000017020000)]
  0x00000000034f5800 JavaThread "Finalizer" daemon [_thread_blocked, id=40444, stack(0x0000000016e20000,0x0000000016f20000)]
  0x00000000034f0800 JavaThread "Reference Handler" daemon [_thread_blocked, id=30660, stack(0x0000000016d20000,0x0000000016e20000)]
  0x0000000003402800 JavaThread "main" [_thread_in_Java, id=30748, stack(0x0000000003300000,0x0000000003400000)]

Other Threads:
  0x0000000015b94800 VMThread [stack: 0x0000000016c20000,0x0000000016d20000] [id=39472]
  0x0000000017282000 WatcherThread [stack: 0x0000000017920000,0x0000000017a20000] [id=40368]

VM state:not at safepoint (normal execution)

VM Mutex/Monitor currently owned by a thread: None

Heap:
 PSYoungGen      total 38400K, used 33280K [0x00000000eab00000, 0x00000000ed580000, 0x0000000100000000)
  eden space 33280K, 100% used [0x00000000eab00000,0x00000000ecb80000,0x00000000ecb80000)
  from space 5120K, 0% used [0x00000000ed080000,0x00000000ed080000,0x00000000ed580000)
  to   space 5120K, 0% used [0x00000000ecb80000,0x00000000ecb80000,0x00000000ed080000)
 ParOldGen       total 87552K, used 0K [0x00000000c0000000, 0x00000000c5580000, 0x00000000eab00000)
  object space 87552K, 0% used [0x00000000c0000000,0x00000000c0000000,0x00000000c5580000)
 Metaspace       used 5378K, capacity 6768K, committed 7040K, reserved 1056768K
  class space    used 519K, capacity 616K, committed 640K, reserved 1048576K

Card table byte_map: [0x00000000128c0000,0x0000000012ad0000] byte_map_base: 0x00000000122c0000

Marking Bits: (ParMarkBitMap*) 0x000000005adf9d00
 Begin Bits: [0x0000000013030000, 0x0000000014030000)
 End Bits:   [0x0000000014030000, 0x0000000015030000)

Polling page: 0x0000000001790000

CodeCache: size=245760Kb used=4663Kb max_used=4675Kb free=241096Kb
 bounds [0x0000000003500000, 0x00000000039a0000, 0x0000000012500000]
 total_blobs=1411 nmethods=1152 adapters=173
 compilation: enabled

Compilation events (10 events):
Event: 3.140 Thread 0x0000000015c29000 nmethod 1149 0x0000000003989d90 code [0x0000000003989ee0, 0x000000000398a158]
Event: 3.140 Thread 0x0000000015c29000 1150  s    4       java.util.Vector::removeElementAt (115 bytes)
Event: 3.142 Thread 0x0000000015c29000 nmethod 1150 0x0000000003989810 code [0x0000000003989960, 0x0000000003989c18]
Event: 3.147 Thread 0x0000000015c29000 1151       4       com.android.dx.util.BitIntSet::iterator (9 bytes)
Event: 3.151 Thread 0x0000000015c29000 nmethod 1151 0x0000000003980190 code [0x00000000039802e0, 0x0000000003980518]
Event: 3.152 Thread 0x000000001726f000 1152       1       com.android.dx.rop.cst.CstKnownNull::getType (4 bytes)
Event: 3.152 Thread 0x000000001726f000 nmethod 1152 0x000000000395fc90 code [0x000000000395fde0, 0x000000000395fef0]
Event: 3.152 Thread 0x0000000015c29000 1153       4       com.android.dx.ssa.SsaRenamer$BlockRenamer$RenamingMapper::map (28 bytes)
Event: 3.154 Thread 0x0000000015c29000 nmethod 1153 0x0000000003991410 code [0x0000000003991560, 0x0000000003991668]
Event: 3.154 Thread 0x0000000015c29000 1154       4       com.android.dx.ssa.SsaRenamer$BlockRenamer::process (191 bytes)

GC Heap History (0 events):
No events

Deoptimization events (10 events):
Event: 2.631 Thread 0x0000000003402800 Uncommon trap: reason=unstable_if action=reinterpret pc=0x000000000388071c method=com.android.dx.rop.cst.Constant.compareTo(Lcom/android/dx/rop/cst/Constant;)I @ 12
Event: 2.720 Thread 0x0000000003402800 Uncommon trap: reason=unstable_if action=reinterpret pc=0x00000000038de9f8 method=com.android.dx.rop.code.RegisterSpec.withReg(I)Lcom/android/dx/rop/code/RegisterSpec; @ 5
Event: 2.720 Thread 0x0000000003402800 Uncommon trap: reason=unstable_if action=reinterpret pc=0x000000000388f7fc method=com.android.dx.rop.code.RegisterSpec.withReg(I)Lcom/android/dx/rop/code/RegisterSpec; @ 5
Event: 2.721 Thread 0x0000000003402800 Uncommon trap: reason=class_check action=maybe_recompile pc=0x00000000037e3728 method=com.android.dx.rop.type.Type.equals(Ljava/lang/Object;)Z @ 8
Event: 2.721 Thread 0x0000000003402800 Uncommon trap: reason=unstable_if action=reinterpret pc=0x0000000003805f60 method=com.android.dx.rop.code.RegisterSpec.equals(ILcom/android/dx/rop/type/TypeBearer;Lcom/android/dx/rop/code/LocalItem;)Z @ 16
Event: 2.721 Thread 0x0000000003402800 Uncommon trap: reason=unstable_if action=reinterpret pc=0x00000000037e2d4c method=com.android.dx.rop.code.RegisterSpec.equals(ILcom/android/dx/rop/type/TypeBearer;Lcom/android/dx/rop/code/LocalItem;)Z @ 16
Event: 2.721 Thread 0x0000000003402800 Uncommon trap: reason=class_check action=maybe_recompile pc=0x00000000037e3728 method=com.android.dx.rop.type.Type.equals(Ljava/lang/Object;)Z @ 8
Event: 2.727 Thread 0x0000000003402800 Uncommon trap: reason=class_check action=maybe_recompile pc=0x00000000037e3728 method=com.android.dx.rop.type.Type.equals(Ljava/lang/Object;)Z @ 8
Event: 2.728 Thread 0x0000000003402800 Uncommon trap: reason=class_check action=maybe_recompile pc=0x00000000037e3728 method=com.android.dx.rop.type.Type.equals(Ljava/lang/Object;)Z @ 8
Event: 2.728 Thread 0x0000000003402800 Uncommon trap: reason=unstable_if action=reinterpret pc=0x00000000037e4c38 method=com.android.dx.rop.code.RegisterSpec.equals(ILcom/android/dx/rop/type/TypeBearer;Lcom/android/dx/rop/code/LocalItem;)Z @ 16

Internal exceptions (2 events):
Event: 0.095 Thread 0x0000000003402800 Exception <a 'java/lang/NoSuchMethodError': Method sun.misc.Unsafe.defineClass(Ljava/lang/String;[BII)Ljava/lang/Class; name or signature does not match> (0x00000000eab07cc0) thrown at [C:\src\android\AOSP-openjdk\external\jetbrains\jdk\hotspot\src\share\vQˆñ°f¸?
Event: 0.095 Thread 0x0000000003402800 Exception <a 'java/lang/NoSuchMethodError': Method sun.misc.Unsafe.prefetchRead(Ljava/lang/Object;J)V name or signature does not match> (0x00000000eab07fa8) thrown at [C:\src\android\AOSP-openjdk\external\jetbrains\jdk\hotspot\src\share\vm\prims\jni.cpp, l

Events (10 events):
Event: 2.733 loading class com/android/dx/dex/file/MethodAnnotationStruct
Event: 2.733 loading class com/android/dx/dex/file/MethodAnnotationStruct done
Event: 2.904 Thread 0x0000000003402800 DEOPT PACKING pc=0x00000000037bda23 sp=0x00000000033fe810
Event: 2.904 Thread 0x0000000003402800 DEOPT UNPACKING pc=0x00000000035475bf sp=0x00000000033fe508 mode 0
Event: 2.952 Thread 0x0000000003402800 DEOPT PACKING pc=0x0000000003943da7 sp=0x00000000033fe610
Event: 2.953 Thread 0x0000000003402800 DEOPT UNPACKING pc=0x00000000035475bf sp=0x00000000033fe3a8 mode 0
Event: 3.162 Thread 0x0000000003402800 DEOPT PACKING pc=0x00000000038a47ad sp=0x00000000033fe6d0
Event: 3.162 Thread 0x0000000003402800 DEOPT UNPACKING pc=0x00000000035475bf sp=0x00000000033fe4b0 mode 0
Event: 3.168 Thread 0x0000000003402800 DEOPT PACKING pc=0x00000000039070bc sp=0x00000000033fe5f0
Event: 3.168 Thread 0x0000000003402800 DEOPT UNPACKING pc=0x00000000035475bf sp=0x00000000033fe3b8 mode 0


Dynamic libraries:
0x00007ff709f50000 - 0x00007ff709f81000 	C:\Program Files\Android\Android Studio\jre\bin\java.exe
0x00007ffac4960000 - 0x00007ffac4b31000 	C:\WINDOWS\SYSTEM32\ntdll.dll
0x00007ffac2bb0000 - 0x00007ffac2c5b000 	C:\WINDOWS\System32\KERNEL32.DLL
0x00007ffac10d0000 - 0x00007ffac12ed000 	C:\WINDOWS\System32\KERNELBASE.dll
0x00007ffac4830000 - 0x00007ffac48d2000 	C:\WINDOWS\System32\ADVAPI32.dll
0x00007ffac2930000 - 0x00007ffac29ce000 	C:\WINDOWS\System32\msvcrt.dll
0x00007ffac22d0000 - 0x00007ffac2329000 	C:\WINDOWS\System32\sechost.dll
0x00007ffac3030000 - 0x00007ffac3151000 	C:\WINDOWS\System32\RPCRT4.dll
0x00007ffac29d0000 - 0x00007ffac2b35000 	C:\WINDOWS\System32\USER32.dll
0x00007ffac0f00000 - 0x00007ffac0f1e000 	C:\WINDOWS\System32\win32u.dll
0x00007ffac1ef0000 - 0x00007ffac1f24000 	C:\WINDOWS\System32\GDI32.dll
0x00007ffac15e0000 - 0x00007ffac1762000 	C:\WINDOWS\System32\gdi32full.dll
0x00007ffab3980000 - 0x00007ffab3bfa000 	C:\WINDOWS\WinSxS\amd64_microsoft.windows.common-controls_6595b64144ccf1df_6.0.14393.351_none_4213128bc687e6d3\COMCTL32.dll
0x00007ffac2d60000 - 0x00007ffac3027000 	C:\WINDOWS\System32\combase.dll
0x00007ffac0fd0000 - 0x00007ffac10c5000 	C:\WINDOWS\System32\ucrtbase.dll
0x00007ffac12f0000 - 0x00007ffac135a000 	C:\WINDOWS\System32\bcryptPrimitives.dll
0x00007ffac4770000 - 0x00007ffac479e000 	C:\WINDOWS\System32\IMM32.DLL
0x000000005b460000 - 0x000000005b532000 	C:\Program Files\Android\Android Studio\jre\jre\bin\msvcr100.dll
0x000000005a640000 - 0x000000005ae74000 	C:\Program Files\Android\Android Studio\jre\jre\bin\server\jvm.dll
0x00007ffac47a0000 - 0x00007ffac47a8000 	C:\WINDOWS\System32\PSAPI.DLL
0x00007ffabdf40000 - 0x00007ffabdf49000 	C:\WINDOWS\SYSTEM32\WSOCK32.dll
0x00007ffac47b0000 - 0x00007ffac481a000 	C:\WINDOWS\System32\WS2_32.dll
0x00007ffabf250000 - 0x00007ffabf273000 	C:\WINDOWS\SYSTEM32\WINMM.dll
0x00007ffaaf6c0000 - 0x00007ffaaf6ca000 	C:\WINDOWS\SYSTEM32\VERSION.dll
0x00007ffabf220000 - 0x00007ffabf24b000 	C:\WINDOWS\SYSTEM32\WINMMBASE.dll
0x00007ffac1360000 - 0x00007ffac13a2000 	C:\WINDOWS\System32\cfgmgr32.dll
0x00007ffabf350000 - 0x00007ffabf35f000 	C:\Program Files\Android\Android Studio\jre\jre\bin\verify.dll
0x00007ffabdf70000 - 0x00007ffabdf99000 	C:\Program Files\Android\Android Studio\jre\jre\bin\java.dll
0x00007ffaba180000 - 0x00007ffaba196000 	C:\Program Files\Android\Android Studio\jre\jre\bin\zip.dll
0x00007ffac3160000 - 0x00007ffac4669000 	C:\WINDOWS\System32\SHELL32.dll
0x00007ffac1810000 - 0x00007ffac1eea000 	C:\WINDOWS\System32\windows.storage.dll
0x00007ffac0de0000 - 0x00007ffac0e2c000 	C:\WINDOWS\System32\powrprof.dll
0x00007ffac48e0000 - 0x00007ffac4932000 	C:\WINDOWS\System32\shlwapi.dll
0x00007ffac0dd0000 - 0x00007ffac0ddf000 	C:\WINDOWS\System32\kernel.appcore.dll
0x00007ffac0f20000 - 0x00007ffac0fc9000 	C:\WINDOWS\System32\shcore.dll
0x00007ffac0e30000 - 0x00007ffac0e44000 	C:\WINDOWS\System32\profapi.dll

VM Arguments:
jvm_args: -Djava.awt.headless=true -Xmx1024M -Dfile.encoding=GBK -Duser.country=CN -Duser.language=zh -Duser.variant 
java_command: com.android.dx.command.Main --dex --force-jumbo --multi-dex --output C:\Users\Haoran\Documents\GitHub\RajawaliVRCardboard\RajawaliVRCardboard\app\build\intermediates\transforms\dex\debug\folders\1000\5\slice_3 C:\Users\Haoran\Documents\GitHub\RajawaliVRCardboard\RajawaliVRCardboard\app\build\intermediates\transforms\instantRunSlicer\debug\folders\1\5\slice_3
java_class_path (initial): C:\Users\Haoran\AppData\Local\Android\sdk\build-tools\21.0.1\lib\dx.jar
Launcher Type: SUN_STANDARD

Environment Variables:
PATH=C:\ProgramData\Oracle\Java\javapath;C:\Program Files (x86)\Intel\iCLS Client\;C:\Program Files\Intel\iCLS Client\;C:\WINDOWS\system32;C:\WINDOWS;C:\WINDOWS\System32\Wbem;C:\WINDOWS\System32\WindowsPowerShell\v1.0\;C:\Program Files (x86)\Intel\Intel(R) Management Engine Components\DAL;C:\Program Files\Intel\Intel(R) Management Engine Components\DAL;C:\Program Files (x86)\Intel\Intel(R) Management Engine Components\IPT;C:\Program Files\Intel\Intel(R) Management Engine Components\IPT;C:\Program Files\MATLAB\R2016a\runtime\win64;C:\Program Files\MATLAB\R2016a\bin;C:\Program Files\MATLAB\R2016a\polyspace\bin;C:\Program Files (x86)\Skype\Phone\;C:\Anaconda2;C:\Anaconda2\Scripts;C:\Anaconda2\Library\bin;C:\Program Files\MiKTeX 2.9\miktex\bin\x64\;C:\WINDOWS\system32\config\systemprofile\.dnx\bin;C:\Program Files\Microsoft DNX\Dnvm\;C:\Program Files (x86)\Windows Kits\8.1\Windows Performance Toolkit\;C:\Program Files\Microsoft SQL Server\120\Tools\Binn\;C:\Program Files (x86)\nodejs\;C:\Users\Haoran\AppData\Local\Microsoft\WindowsApps;C:\Users\Haoran\AppData\Roaming\npm
USERNAME=Haoran
OS=Windows_NT
PROCESSOR_IDENTIFIER=Intel64 Family 6 Model 78 Stepping 3, GenuineIntel



---------------  S Y S T E M  ---------------

OS: Windows 10.0 , 64 bit Build 14393 (10.0.14393.0)

CPU:total 4 (2 cores per cpu, 2 threads per core) family 6 model 78 stepping 3, cmov, cx8, fxsr, mmx, sse, sse2, sse3, ssse3, sse4.1, sse4.2, popcnt, avx, avx2, aes, clmul, erms, 3dnowpref, lzcnt, ht, tsc, tscinvbit, bmi1, bmi2, adx

Memory: 4k page, physical 8266656k(490708k free), swap 10363808k(3648k free)

vm_info: OpenJDK 64-Bit Server VM (25.76-b03) for windows-amd64 JRE (1.8.0_76-release-b03), built on Jun 29 2016 19:09:20 by "ralucas" with MS VC++ 10.0 (VS2010)

time: Thu Nov 03 14:26:05 2016
elapsed time: 3 seconds (0d 0h 0m 3s)

