#
# There is insufficient memory for the Java Runtime Environment to continue.
# Native memory allocation (malloc) failed to allocate 601536 bytes for Chunk::new
# Possible reasons:
#   The system is out of physical RAM or swap space
#   In 32 bit mode, the process size limit was hit
# Possible solutions:
#   Reduce memory load on the system
#   Increase physical memory or swap space
#   Check if swap backing store is full
#   Use 64 bit Java on a 64 bit OS
#   Decrease Java heap size (-Xmx/-Xms)
#   Decrease number of Java threads
#   Decrease Java thread stack sizes (-Xss)
#   Set larger code cache with -XX:ReservedCodeCacheSize=
# This output file may be truncated or incomplete.
#
#  Out of Memory Error (allocation.cpp:390), pid=39224, tid=0x0000000000002c9c
#
# JRE version: OpenJDK Runtime Environment (8.0_76-b03) (build 1.8.0_76-release-b03)
# Java VM: OpenJDK 64-Bit Server VM (25.76-b03 mixed mode windows-amd64 compressed oops)
# Failed to write core dump. Minidumps are not enabled by default on client versions of Windows
#

---------------  T H R E A D  ---------------

Current thread (0x0000000016947000):  JavaThread "C2 CompilerThread1" daemon [_thread_in_native, id=11420, stack(0x0000000016cf0000,0x0000000016df0000)]

Stack: [0x0000000016cf0000,0x0000000016df0000]
[error occurred during error reporting (printing stack bounds), id 0xc0000005]

Native frames: (J=compiled Java code, j=interpreted, Vv=VM code, C=native code)


Current CompileTask:
C2:   4214 1274   !   4       com.android.dx.cf.cst.ConstantPoolParser::parse0 (731 bytes)


---------------  P R O C E S S  ---------------

Java Threads: ( => current thread )
  0x000000001694e800 JavaThread "Service Thread" daemon [_thread_blocked, id=29740, stack(0x0000000016ef0000,0x0000000016ff0000)]
  0x000000001694a800 JavaThread "C1 CompilerThread2" daemon [_thread_blocked, id=40468, stack(0x0000000016df0000,0x0000000016ef0000)]
=>0x0000000016947000 JavaThread "C2 CompilerThread1" daemon [_thread_in_native, id=11420, stack(0x0000000016cf0000,0x0000000016df0000)]
  0x00000000152f9000 JavaThread "C2 CompilerThread0" daemon [_thread_in_native, id=40808, stack(0x00000000167f0000,0x00000000168f0000)]
  0x00000000152ac000 JavaThread "Attach Listener" daemon [_thread_blocked, id=31664, stack(0x00000000166f0000,0x00000000167f0000)]
  0x00000000152f8800 JavaThread "Signal Dispatcher" daemon [_thread_blocked, id=35032, stack(0x00000000165f0000,0x00000000166f0000)]
  0x0000000002bc5800 JavaThread "Finalizer" daemon [_thread_blocked, id=40708, stack(0x00000000164f0000,0x00000000165f0000)]
  0x0000000002bc0800 JavaThread "Reference Handler" daemon [_thread_blocked, id=40780, stack(0x00000000163f0000,0x00000000164f0000)]
  0x0000000002ad2800 JavaThread "main" [_thread_in_Java, id=38696, stack(0x0000000002990000,0x0000000002a90000)]

Other Threads:
  0x0000000015264800 VMThread [stack: 0x00000000162f0000,0x00000000163f0000] [id=24620]
  0x0000000016951000 WatcherThread [stack: 0x0000000016ff0000,0x00000000170f0000] [id=40308]

VM state:not at safepoint (normal execution)

VM Mutex/Monitor currently owned by a thread: None

Heap:
 PSYoungGen      total 38400K, used 23419K [0x00000000eab00000, 0x00000000ef600000, 0x0000000100000000)
  eden space 33280K, 55% used [0x00000000eab00000,0x00000000ebce0d38,0x00000000ecb80000)
  from space 5120K, 99% used [0x00000000ecb80000,0x00000000ed07e058,0x00000000ed080000)
  to   space 5120K, 0% used [0x00000000ef100000,0x00000000ef100000,0x00000000ef600000)
 ParOldGen       total 87552K, used 1382K [0x00000000c0000000, 0x00000000c5580000, 0x00000000eab00000)
  object space 87552K, 1% used [0x00000000c0000000,0x00000000c0159a08,0x00000000c5580000)
 Metaspace       used 5521K, capacity 6896K, committed 7040K, reserved 1056768K
  class space    used 524K, capacity 616K, committed 640K, reserved 1048576K

Card table byte_map: [0x0000000011f90000,0x00000000121a0000] byte_map_base: 0x0000000011990000

Marking Bits: (ParMarkBitMap*) 0x000000005adf9d00
 Begin Bits: [0x0000000012700000, 0x0000000013700000)
 End Bits:   [0x0000000013700000, 0x0000000014700000)

Polling page: 0x0000000000ad0000

CodeCache: size=245760Kb used=6070Kb max_used=6086Kb free=239689Kb
 bounds [0x0000000002bd0000, 0x00000000031d0000, 0x0000000011bd0000]
 total_blobs=1595 nmethods=1336 adapters=173
 compilation: enabled

Compilation events (10 events):
Event: 4.114 Thread 0x0000000016947000 nmethod 1342 0x00000000031b9b10 code [0x00000000031b9d00, 0x00000000031ba790]
Event: 4.114 Thread 0x0000000016947000 1302       4       com.android.dx.cf.code.ExecutionStack::peek (42 bytes)
Event: 4.115 Thread 0x0000000016947000 nmethod 1302 0x00000000031a9050 code [0x00000000031a91a0, 0x00000000031a9278]
Event: 4.115 Thread 0x0000000016947000 1277       4       com.android.dx.rop.cst.Constant::compareTo (9 bytes)
Event: 4.116 Thread 0x0000000016947000 nmethod 1277 0x00000000031aa590 code [0x00000000031aa700, 0x00000000031aa958]
Event: 4.116 Thread 0x0000000016947000 1341       4       com.android.dx.rop.cst.CstBaseMethodRef::compareTo0 (29 bytes)
Event: 4.126 Thread 0x0000000016947000 nmethod 1341 0x00000000031a7b50 code [0x00000000031a7ce0, 0x00000000031a85b8]
Event: 4.126 Thread 0x0000000016947000 1304       4       com.android.dx.ssa.NormalSsaInsn::toRopInsn (19 bytes)
Event: 4.126 Thread 0x0000000016947000 nmethod 1304 0x00000000031a7890 code [0x00000000031a79e0, 0x00000000031a7a78]
Event: 4.126 Thread 0x0000000016947000 1274   !   4       com.android.dx.cf.cst.ConstantPoolParser::parse0 (731 bytes)

GC Heap History (2 events):
Event: 2.852 GC heap before
{Heap before GC invocations=1 (full 0):
 PSYoungGen      total 38400K, used 33280K [0x00000000eab00000, 0x00000000ed580000, 0x0000000100000000)
  eden space 33280K, 100% used [0x00000000eab00000,0x00000000ecb80000,0x00000000ecb80000)
  from space 5120K, 0% used [0x00000000ed080000,0x00000000ed080000,0x00000000ed580000)
  to   space 5120K, 0% used [0x00000000ecb80000,0x00000000ecb80000,0x00000000ed080000)
 ParOldGen       total 87552K, used 0K [0x00000000c0000000, 0x00000000c5580000, 0x00000000eab00000)
  object space 87552K, 0% used [0x00000000c0000000,0x00000000c0000000,0x00000000c5580000)
 Metaspace       used 5408K, capacity 6832K, committed 7040K, reserved 1056768K
  class space    used 523K, capacity 616K, committed 640K, reserved 1048576K
Event: 2.955 GC heap after
Heap after GC invocations=1 (full 0):
 PSYoungGen      total 38400K, used 5112K [0x00000000eab00000, 0x00000000ef600000, 0x0000000100000000)
  eden space 33280K, 0% used [0x00000000eab00000,0x00000000eab00000,0x00000000ecb80000)
  from space 5120K, 99% used [0x00000000ecb80000,0x00000000ed07e058,0x00000000ed080000)
  to   space 5120K, 0% used [0x00000000ef100000,0x00000000ef100000,0x00000000ef600000)
 ParOldGen       total 87552K, used 1382K [0x00000000c0000000, 0x00000000c5580000, 0x00000000eab00000)
  object space 87552K, 1% used [0x00000000c0000000,0x00000000c0159a08,0x00000000c5580000)
 Metaspace       used 5408K, capacity 6832K, committed 7040K, reserved 1056768K
  class space    used 523K, capacity 616K, committed 640K, reserved 1048576K
}

Deoptimization events (10 events):
Event: 2.553 Thread 0x0000000002ad2800 Uncommon trap: reason=class_check action=maybe_recompile pc=0x0000000002e03af0 method=com.android.dx.ssa.NormalSsaInsn.accept(Lcom/android/dx/ssa/SsaInsn$Visitor;)V @ 9
Event: 2.553 Thread 0x0000000002ad2800 Uncommon trap: reason=class_check action=maybe_recompile pc=0x0000000002e03af0 method=com.android.dx.ssa.NormalSsaInsn.accept(Lcom/android/dx/ssa/SsaInsn$Visitor;)V @ 9
Event: 2.563 Thread 0x0000000002ad2800 Uncommon trap: reason=class_check action=maybe_recompile pc=0x0000000002f6e6e8 method=com.android.dx.ssa.NormalSsaInsn.accept(Lcom/android/dx/ssa/SsaInsn$Visitor;)V @ 9
Event: 2.608 Thread 0x0000000002ad2800 Uncommon trap: reason=bimorphic action=maybe_recompile pc=0x0000000002e03098 method=java.util.HashMap.getNode(ILjava/lang/Object;)Ljava/util/HashMap$Node; @ 126
Event: 2.967 Thread 0x0000000002ad2800 Uncommon trap: reason=class_check action=maybe_recompile pc=0x000000000307944c method=com.android.dx.cf.code.BytecodeArray.parseInstruction(ILcom/android/dx/cf/code/BytecodeArray$Visitor;)I @ 1130
Event: 2.967 Thread 0x0000000002ad2800 Uncommon trap: reason=class_check action=maybe_recompile pc=0x000000000307944c method=com.android.dx.cf.code.BytecodeArray.parseInstruction(ILcom/android/dx/cf/code/BytecodeArray$Visitor;)I @ 1130
Event: 2.967 Thread 0x0000000002ad2800 Uncommon trap: reason=class_check action=maybe_recompile pc=0x000000000307944c method=com.android.dx.cf.code.BytecodeArray.parseInstruction(ILcom/android/dx/cf/code/BytecodeArray$Visitor;)I @ 1130
Event: 2.967 Thread 0x0000000002ad2800 Uncommon trap: reason=class_check action=maybe_recompile pc=0x000000000307944c method=com.android.dx.cf.code.BytecodeArray.parseInstruction(ILcom/android/dx/cf/code/BytecodeArray$Visitor;)I @ 1130
Event: 4.047 Thread 0x0000000002ad2800 Uncommon trap: reason=bimorphic action=maybe_recompile pc=0x0000000003131550 method=com.android.dx.cf.code.BytecodeArray.parseInstruction(ILcom/android/dx/cf/code/BytecodeArray$Visitor;)I @ 1130
Event: 4.047 Thread 0x0000000002ad2800 Uncommon trap: reason=bimorphic action=maybe_recompile pc=0x0000000003131550 method=com.android.dx.cf.code.BytecodeArray.parseInstruction(ILcom/android/dx/cf/code/BytecodeArray$Visitor;)I @ 1130

Internal exceptions (2 events):
Event: 0.183 Thread 0x0000000002ad2800 Exception <a 'java/lang/NoSuchMethodError': Method sun.misc.Unsafe.defineClass(Ljava/lang/String;[BII)Ljava/lang/Class; name or signature does not match> (0x00000000eab07cc0) thrown at [C:\src\android\AOSP-openjdk\external\jetbrains\jdk\hotspot\src\share\võ1Y»q{Ç?
Event: 0.183 Thread 0x0000000002ad2800 Exception <a 'java/lang/NoSuchMethodError': Method sun.misc.Unsafe.prefetchRead(Ljava/lang/Object;J)V name or signature does not match> (0x00000000eab07fa8) thrown at [C:\src\android\AOSP-openjdk\external\jetbrains\jdk\hotspot\src\share\vm\prims\jni.cpp, l

Events (10 events):
Event: 3.895 Thread 0x0000000002ad2800 DEOPT PACKING pc=0x0000000002f093e1 sp=0x0000000002a8e390
Event: 3.895 Thread 0x0000000002ad2800 DEOPT UNPACKING pc=0x0000000002c175bf sp=0x0000000002a8e100 mode 0
Event: 4.047 Thread 0x0000000002ad2800 Uncommon trap: trap_request=0xffffffc6 fr.pc=0x0000000003131550
Event: 4.047 Thread 0x0000000002ad2800 DEOPT PACKING pc=0x0000000003131550 sp=0x0000000002a8e260
Event: 4.047 Thread 0x0000000002ad2800 DEOPT UNPACKING pc=0x0000000002c1556a sp=0x0000000002a8e208 mode 2
Event: 4.047 Thread 0x0000000002ad2800 Uncommon trap: trap_request=0xffffffc6 fr.pc=0x0000000003131550
Event: 4.047 Thread 0x0000000002ad2800 DEOPT PACKING pc=0x0000000003131550 sp=0x0000000002a8e2a0
Event: 4.047 Thread 0x0000000002ad2800 DEOPT UNPACKING pc=0x0000000002c1556a sp=0x0000000002a8e248 mode 2
Event: 4.054 Thread 0x0000000002ad2800 DEOPT PACKING pc=0x0000000002f093e1 sp=0x0000000002a8e180
Event: 4.054 Thread 0x0000000002ad2800 DEOPT UNPACKING pc=0x0000000002c175bf sp=0x0000000002a8def0 mode 0


Dynamic libraries:
0x00007ff709f50000 - 0x00007ff709f81000 	C:\Program Files\Android\Android Studio\jre\bin\java.exe
0x00007ffac4960000 - 0x00007ffac4b31000 	C:\WINDOWS\SYSTEM32\ntdll.dll
0x00007ffac2bb0000 - 0x00007ffac2c5b000 	C:\WINDOWS\System32\KERNEL32.DLL
0x00007ffac10d0000 - 0x00007ffac12ed000 	C:\WINDOWS\System32\KERNELBASE.dll
0x00007ffac4830000 - 0x00007ffac48d2000 	C:\WINDOWS\System32\ADVAPI32.dll
0x00007ffac2930000 - 0x00007ffac29ce000 	C:\WINDOWS\System32\msvcrt.dll
0x00007ffac22d0000 - 0x00007ffac2329000 	C:\WINDOWS\System32\sechost.dll
0x00007ffac3030000 - 0x00007ffac3151000 	C:\WINDOWS\System32\RPCRT4.dll
0x00007ffac29d0000 - 0x00007ffac2b35000 	C:\WINDOWS\System32\USER32.dll
0x00007ffac0f00000 - 0x00007ffac0f1e000 	C:\WINDOWS\System32\win32u.dll
0x00007ffac1ef0000 - 0x00007ffac1f24000 	C:\WINDOWS\System32\GDI32.dll
0x00007ffac15e0000 - 0x00007ffac1762000 	C:\WINDOWS\System32\gdi32full.dll
0x00007ffab3980000 - 0x00007ffab3bfa000 	C:\WINDOWS\WinSxS\amd64_microsoft.windows.common-controls_6595b64144ccf1df_6.0.14393.351_none_4213128bc687e6d3\COMCTL32.dll
0x00007ffac2d60000 - 0x00007ffac3027000 	C:\WINDOWS\System32\combase.dll
0x00007ffac0fd0000 - 0x00007ffac10c5000 	C:\WINDOWS\System32\ucrtbase.dll
0x00007ffac12f0000 - 0x00007ffac135a000 	C:\WINDOWS\System32\bcryptPrimitives.dll
0x00007ffac4770000 - 0x00007ffac479e000 	C:\WINDOWS\System32\IMM32.DLL
0x000000005b460000 - 0x000000005b532000 	C:\Program Files\Android\Android Studio\jre\jre\bin\msvcr100.dll
0x000000005a640000 - 0x000000005ae74000 	C:\Program Files\Android\Android Studio\jre\jre\bin\server\jvm.dll
0x00007ffac47a0000 - 0x00007ffac47a8000 	C:\WINDOWS\System32\PSAPI.DLL
0x00007ffabdf40000 - 0x00007ffabdf49000 	C:\WINDOWS\SYSTEM32\WSOCK32.dll
0x00007ffac47b0000 - 0x00007ffac481a000 	C:\WINDOWS\System32\WS2_32.dll
0x00007ffabf250000 - 0x00007ffabf273000 	C:\WINDOWS\SYSTEM32\WINMM.dll
0x00007ffaaf6c0000 - 0x00007ffaaf6ca000 	C:\WINDOWS\SYSTEM32\VERSION.dll
0x00007ffabf220000 - 0x00007ffabf24b000 	C:\WINDOWS\SYSTEM32\WINMMBASE.dll
0x00007ffac1360000 - 0x00007ffac13a2000 	C:\WINDOWS\System32\cfgmgr32.dll
0x00007ffabf350000 - 0x00007ffabf35f000 	C:\Program Files\Android\Android Studio\jre\jre\bin\verify.dll
0x00007ffabdf70000 - 0x00007ffabdf99000 	C:\Program Files\Android\Android Studio\jre\jre\bin\java.dll
0x00007ffaba180000 - 0x00007ffaba196000 	C:\Program Files\Android\Android Studio\jre\jre\bin\zip.dll
0x00007ffac3160000 - 0x00007ffac4669000 	C:\WINDOWS\System32\SHELL32.dll
0x00007ffac1810000 - 0x00007ffac1eea000 	C:\WINDOWS\System32\windows.storage.dll
0x00007ffac0de0000 - 0x00007ffac0e2c000 	C:\WINDOWS\System32\powrprof.dll
0x00007ffac48e0000 - 0x00007ffac4932000 	C:\WINDOWS\System32\shlwapi.dll
0x00007ffac0dd0000 - 0x00007ffac0ddf000 	C:\WINDOWS\System32\kernel.appcore.dll
0x00007ffac0f20000 - 0x00007ffac0fc9000 	C:\WINDOWS\System32\shcore.dll
0x00007ffac0e30000 - 0x00007ffac0e44000 	C:\WINDOWS\System32\profapi.dll

VM Arguments:
jvm_args: -Djava.awt.headless=true -Xmx1024M -Dfile.encoding=GBK -Duser.country=CN -Duser.language=zh -Duser.variant 
java_command: com.android.dx.command.Main --dex --force-jumbo --multi-dex --output C:\Users\Haoran\Documents\GitHub\RajawaliVRCardboard\RajawaliVRCardboard\app\build\intermediates\transforms\dex\debug\folders\1000\5\slice_5 C:\Users\Haoran\Documents\GitHub\RajawaliVRCardboard\RajawaliVRCardboard\app\build\intermediates\transforms\instantRunSlicer\debug\folders\1\5\slice_5
java_class_path (initial): C:\Users\Haoran\AppData\Local\Android\sdk\build-tools\21.0.1\lib\dx.jar
Launcher Type: SUN_STANDARD

Environment Variables:
PATH=C:\ProgramData\Oracle\Java\javapath;C:\Program Files (x86)\Intel\iCLS Client\;C:\Program Files\Intel\iCLS Client\;C:\WINDOWS\system32;C:\WINDOWS;C:\WINDOWS\System32\Wbem;C:\WINDOWS\System32\WindowsPowerShell\v1.0\;C:\Program Files (x86)\Intel\Intel(R) Management Engine Components\DAL;C:\Program Files\Intel\Intel(R) Management Engine Components\DAL;C:\Program Files (x86)\Intel\Intel(R) Management Engine Components\IPT;C:\Program Files\Intel\Intel(R) Management Engine Components\IPT;C:\Program Files\MATLAB\R2016a\runtime\win64;C:\Program Files\MATLAB\R2016a\bin;C:\Program Files\MATLAB\R2016a\polyspace\bin;C:\Program Files (x86)\Skype\Phone\;C:\Anaconda2;C:\Anaconda2\Scripts;C:\Anaconda2\Library\bin;C:\Program Files\MiKTeX 2.9\miktex\bin\x64\;C:\WINDOWS\system32\config\systemprofile\.dnx\bin;C:\Program Files\Microsoft DNX\Dnvm\;C:\Program Files (x86)\Windows Kits\8.1\Windows Performance Toolkit\;C:\Program Files\Microsoft SQL Server\120\Tools\Binn\;C:\Program Files (x86)\nodejs\;C:\Users\Haoran\AppData\Local\Microsoft\WindowsApps;C:\Users\Haoran\AppData\Roaming\npm
USERNAME=Haoran
OS=Windows_NT
PROCESSOR_IDENTIFIER=Intel64 Family 6 Model 78 Stepping 3, GenuineIntel



---------------  S Y S T E M  ---------------

OS: Windows 10.0 , 64 bit Build 14393 (10.0.14393.0)

CPU:total 4 (2 cores per cpu, 2 threads per core) family 6 model 78 stepping 3, cmov, cx8, fxsr, mmx, sse, sse2, sse3, ssse3, sse4.1, sse4.2, popcnt, avx, avx2, aes, clmul, erms, 3dnowpref, lzcnt, ht, tsc, tscinvbit, bmi1, bmi2, adx

Memory: 4k page, physical 8266656k(523268k free), swap 10363808k(5336k free)

vm_info: OpenJDK 64-Bit Server VM (25.76-b03) for windows-amd64 JRE (1.8.0_76-release-b03), built on Jun 29 2016 19:09:20 by "ralucas" with MS VC++ 10.0 (VS2010)

time: Thu Nov 03 14:26:10 2016
elapsed time: 4 seconds (0d 0h 0m 4s)

